  CREATE_STREAM @0 {NAME:seq T:Transactions SCOPE:uvm_test_top.env.agent.sequencer STREAM:887}
  CREATE_STREAM @0 {NAME:full_load_seq T:Transactions SCOPE:uvm_test_top.env.agent.sequencer STREAM:948}
  CREATE_STREAM @465000 {NAME:run_seq T:Transactions SCOPE:uvm_test_top.env.agent.sequencer STREAM:1036}
  CREATE_STREAM @20465000 {NAME:alu_seq T:Transactions SCOPE:uvm_test_top.env.agent.sequencer STREAM:1568}
  CREATE_STREAM @20465000 {NAME:load_seq T:Transactions SCOPE:uvm_test_top.env.agent.sequencer STREAM:1578}
  CREATE_STREAM @40825000 {NAME:mem_seq T:Transactions SCOPE:uvm_test_top.env.agent.sequencer STREAM:2030}
  CREATE_STREAM @61185000 {NAME:brnch_seq T:Transactions SCOPE:uvm_test_top.env.agent.sequencer STREAM:2722}
  CREATE_STREAM @81545000 {NAME:haz_seq T:Transactions SCOPE:uvm_test_top.env.agent.sequencer STREAM:3526}
  CREATE_STREAM @101905000 {NAME:csr_seq T:Transactions SCOPE:uvm_test_top.env.agent.sequencer STREAM:3948}
  CREATE_STREAM @122265000 {NAME:extra_seq T:Transactions SCOPE:uvm_test_top.env.agent.sequencer STREAM:15942}
  CREATE_STREAM @142625000 {NAME:muldiv_seq T:Transactions SCOPE:uvm_test_top.env.agent.sequencer STREAM:23678}
  CREATE_STREAM @0 {NAME:seq T:Transactions SCOPE:uvm_test_top.env.agent.sequencer STREAM:887}
  CREATE_STREAM @0 {NAME:full_load_seq T:Transactions SCOPE:uvm_test_top.env.agent.sequencer STREAM:948}
  CREATE_STREAM @465000 {NAME:run_seq T:Transactions SCOPE:uvm_test_top.env.agent.sequencer STREAM:1036}
  CREATE_STREAM @20465000 {NAME:alu_seq T:Transactions SCOPE:uvm_test_top.env.agent.sequencer STREAM:1568}
  CREATE_STREAM @20465000 {NAME:load_seq T:Transactions SCOPE:uvm_test_top.env.agent.sequencer STREAM:1578}
  CREATE_STREAM @40825000 {NAME:mem_seq T:Transactions SCOPE:uvm_test_top.env.agent.sequencer STREAM:2030}
  CREATE_STREAM @61185000 {NAME:brnch_seq T:Transactions SCOPE:uvm_test_top.env.agent.sequencer STREAM:2722}
  CREATE_STREAM @81545000 {NAME:haz_seq T:Transactions SCOPE:uvm_test_top.env.agent.sequencer STREAM:3526}
  CREATE_STREAM @101905000 {NAME:csr_seq T:Transactions SCOPE:uvm_test_top.env.agent.sequencer STREAM:3948}
  CREATE_STREAM @122265000 {NAME:extra_seq T:Transactions SCOPE:uvm_test_top.env.agent.sequencer STREAM:15942}
  CREATE_STREAM @142625000 {NAME:muldiv_seq T:Transactions SCOPE:uvm_test_top.env.agent.sequencer STREAM:23678}
  CREATE_STREAM @0 {NAME:seq T:Transactions SCOPE:uvm_test_top.env.agent.sequencer STREAM:887}
  CREATE_STREAM @0 {NAME:full_load_seq T:Transactions SCOPE:uvm_test_top.env.agent.sequencer STREAM:948}
  CREATE_STREAM @465000 {NAME:run_seq T:Transactions SCOPE:uvm_test_top.env.agent.sequencer STREAM:1036}
  CREATE_STREAM @0 {NAME:seq T:Transactions SCOPE:uvm_test_top.env.agent.sequencer STREAM:887}
  CREATE_STREAM @0 {NAME:full_load_seq T:Transactions SCOPE:uvm_test_top.env.agent.sequencer STREAM:948}
  CREATE_STREAM @465000 {NAME:run_seq T:Transactions SCOPE:uvm_test_top.env.agent.sequencer STREAM:1036}
  CREATE_STREAM @20465000 {NAME:alu_seq T:Transactions SCOPE:uvm_test_top.env.agent.sequencer STREAM:1568}
  CREATE_STREAM @20465000 {NAME:load_seq T:Transactions SCOPE:uvm_test_top.env.agent.sequencer STREAM:1578}
  CREATE_STREAM @40825000 {NAME:mem_seq T:Transactions SCOPE:uvm_test_top.env.agent.sequencer STREAM:2030}
  CREATE_STREAM @61185000 {NAME:brnch_seq T:Transactions SCOPE:uvm_test_top.env.agent.sequencer STREAM:2722}
  CREATE_STREAM @81545000 {NAME:haz_seq T:Transactions SCOPE:uvm_test_top.env.agent.sequencer STREAM:3526}
  CREATE_STREAM @101905000 {NAME:csr_seq T:Transactions SCOPE:uvm_test_top.env.agent.sequencer STREAM:3948}
  CREATE_STREAM @122265000 {NAME:extra_seq T:Transactions SCOPE:uvm_test_top.env.agent.sequencer STREAM:15942}
  CREATE_STREAM @142625000 {NAME:muldiv_seq T:Transactions SCOPE:uvm_test_top.env.agent.sequencer STREAM:23678}
  CREATE_STREAM @0 {NAME:seq T:Transactions SCOPE:uvm_test_top.env.agent.sequencer STREAM:887}
  CREATE_STREAM @0 {NAME:load_seq T:Transactions SCOPE:uvm_test_top.env.agent.sequencer STREAM:900}
  CREATE_STREAM @465000 {NAME:run_seq T:Transactions SCOPE:uvm_test_top.env.agent.sequencer STREAM:994}
  CREATE_STREAM @0 {NAME:seq T:Transactions SCOPE:uvm_test_top.env.agent.sequencer STREAM:887}
  CREATE_STREAM @0 {NAME:load_seq T:Transactions SCOPE:uvm_test_top.env.agent.sequencer STREAM:900}
  CREATE_STREAM @465000 {NAME:run_seq T:Transactions SCOPE:uvm_test_top.env.agent.sequencer STREAM:994}
  CREATE_STREAM @0 {NAME:seq T:Transactions SCOPE:uvm_test_top.env.agent.sequencer STREAM:887}
  CREATE_STREAM @0 {NAME:load_seq T:Transactions SCOPE:uvm_test_top.env.agent.sequencer STREAM:900}
  CREATE_STREAM @465000 {NAME:run_seq T:Transactions SCOPE:uvm_test_top.env.agent.sequencer STREAM:994}
  CREATE_STREAM @0 {NAME:seq T:Transactions SCOPE:uvm_test_top.env.agent.sequencer STREAM:887}
  CREATE_STREAM @0 {NAME:load_seq T:Transactions SCOPE:uvm_test_top.env.agent.sequencer STREAM:900}
  CREATE_STREAM @465000 {NAME:run_seq T:Transactions SCOPE:uvm_test_top.env.agent.sequencer STREAM:994}
  CREATE_STREAM @0 {NAME:seq T:Transactions SCOPE:uvm_test_top.env.agent.sequencer STREAM:887}
  CREATE_STREAM @0 {NAME:load_seq T:Transactions SCOPE:uvm_test_top.env.agent.sequencer STREAM:900}
  CREATE_STREAM @465000 {NAME:run_seq T:Transactions SCOPE:uvm_test_top.env.agent.sequencer STREAM:990}
  CREATE_STREAM @0 {NAME:seq T:Transactions SCOPE:uvm_test_top.env.agent.sequencer STREAM:887}
  CREATE_STREAM @0 {NAME:full_load_seq T:Transactions SCOPE:uvm_test_top.env.agent.sequencer STREAM:948}
  CREATE_STREAM @465000 {NAME:run_seq T:Transactions SCOPE:uvm_test_top.env.agent.sequencer STREAM:1036}
  CREATE_STREAM @20465000 {NAME:alu_seq T:Transactions SCOPE:uvm_test_top.env.agent.sequencer STREAM:1568}
  CREATE_STREAM @20465000 {NAME:load_seq T:Transactions SCOPE:uvm_test_top.env.agent.sequencer STREAM:1578}
  CREATE_STREAM @40825000 {NAME:mem_seq T:Transactions SCOPE:uvm_test_top.env.agent.sequencer STREAM:2030}
  CREATE_STREAM @61185000 {NAME:brnch_seq T:Transactions SCOPE:uvm_test_top.env.agent.sequencer STREAM:2722}
  CREATE_STREAM @81545000 {NAME:haz_seq T:Transactions SCOPE:uvm_test_top.env.agent.sequencer STREAM:3526}
  CREATE_STREAM @101905000 {NAME:csr_seq T:Transactions SCOPE:uvm_test_top.env.agent.sequencer STREAM:3948}
  CREATE_STREAM @122265000 {NAME:extra_seq T:Transactions SCOPE:uvm_test_top.env.agent.sequencer STREAM:15942}
  CREATE_STREAM @142625000 {NAME:muldiv_seq T:Transactions SCOPE:uvm_test_top.env.agent.sequencer STREAM:23678}
  CREATE_STREAM @0 {NAME:seq T:Transactions SCOPE:uvm_test_top.env.agent.sequencer STREAM:887}
  CREATE_STREAM @0 {NAME:load_seq T:Transactions SCOPE:uvm_test_top.env.agent.sequencer STREAM:900}
  CREATE_STREAM @465000 {NAME:run_seq T:Transactions SCOPE:uvm_test_top.env.agent.sequencer STREAM:994}
  CREATE_STREAM @0 {NAME:seq T:Transactions SCOPE:uvm_test_top.env.agent.sequencer STREAM:887}
  CREATE_STREAM @0 {NAME:load_seq T:Transactions SCOPE:uvm_test_top.env.agent.sequencer STREAM:900}
  CREATE_STREAM @465000 {NAME:run_seq T:Transactions SCOPE:uvm_test_top.env.agent.sequencer STREAM:994}
  CREATE_STREAM @0 {NAME:seq T:Transactions SCOPE:uvm_test_top.env.agent.sequencer STREAM:887}
  CREATE_STREAM @0 {NAME:load_seq T:Transactions SCOPE:uvm_test_top.env.agent.sequencer STREAM:900}
  CREATE_STREAM @465000 {NAME:run_seq T:Transactions SCOPE:uvm_test_top.env.agent.sequencer STREAM:994}
  CREATE_STREAM @0 {NAME:seq T:Transactions SCOPE:uvm_test_top.env.agent.sequencer STREAM:887}
  CREATE_STREAM @0 {NAME:load_seq T:Transactions SCOPE:uvm_test_top.env.agent.sequencer STREAM:900}
  CREATE_STREAM @465000 {NAME:run_seq T:Transactions SCOPE:uvm_test_top.env.agent.sequencer STREAM:994}
  CREATE_STREAM @0 {NAME:seq T:Transactions SCOPE:uvm_test_top.env.agent.sequencer STREAM:887}
  CREATE_STREAM @0 {NAME:load_seq T:Transactions SCOPE:uvm_test_top.env.agent.sequencer STREAM:900}
  CREATE_STREAM @465000 {NAME:run_seq T:Transactions SCOPE:uvm_test_top.env.agent.sequencer STREAM:990}
  CREATE_STREAM @0 {NAME:seq T:Transactions SCOPE:uvm_test_top.env.agent.sequencer STREAM:887}
  CREATE_STREAM @0 {NAME:full_load_seq T:Transactions SCOPE:uvm_test_top.env.agent.sequencer STREAM:948}
  CREATE_STREAM @465000 {NAME:run_seq T:Transactions SCOPE:uvm_test_top.env.agent.sequencer STREAM:1036}
  CREATE_STREAM @20465000 {NAME:alu_seq T:Transactions SCOPE:uvm_test_top.env.agent.sequencer STREAM:1568}
  CREATE_STREAM @20465000 {NAME:load_seq T:Transactions SCOPE:uvm_test_top.env.agent.sequencer STREAM:1578}
  CREATE_STREAM @40825000 {NAME:mem_seq T:Transactions SCOPE:uvm_test_top.env.agent.sequencer STREAM:2030}
  CREATE_STREAM @61185000 {NAME:brnch_seq T:Transactions SCOPE:uvm_test_top.env.agent.sequencer STREAM:2722}
  CREATE_STREAM @81545000 {NAME:haz_seq T:Transactions SCOPE:uvm_test_top.env.agent.sequencer STREAM:3526}
  CREATE_STREAM @101905000 {NAME:csr_seq T:Transactions SCOPE:uvm_test_top.env.agent.sequencer STREAM:3948}
  CREATE_STREAM @122265000 {NAME:extra_seq T:Transactions SCOPE:uvm_test_top.env.agent.sequencer STREAM:15942}
  CREATE_STREAM @142625000 {NAME:muldiv_seq T:Transactions SCOPE:uvm_test_top.env.agent.sequencer STREAM:23678}
  CREATE_STREAM @0 {NAME:seq T:Transactions SCOPE:uvm_test_top.env.agent.sequencer STREAM:887}
  CREATE_STREAM @0 {NAME:load_seq T:Transactions SCOPE:uvm_test_top.env.agent.sequencer STREAM:900}
  CREATE_STREAM @465000 {NAME:run_seq T:Transactions SCOPE:uvm_test_top.env.agent.sequencer STREAM:994}
  CREATE_STREAM @0 {NAME:seq T:Transactions SCOPE:uvm_test_top.env.agent.sequencer STREAM:887}
  CREATE_STREAM @0 {NAME:load_seq T:Transactions SCOPE:uvm_test_top.env.agent.sequencer STREAM:900}
  CREATE_STREAM @465000 {NAME:run_seq T:Transactions SCOPE:uvm_test_top.env.agent.sequencer STREAM:994}
  CREATE_STREAM @0 {NAME:seq T:Transactions SCOPE:uvm_test_top.env.agent.sequencer STREAM:887}
  CREATE_STREAM @0 {NAME:load_seq T:Transactions SCOPE:uvm_test_top.env.agent.sequencer STREAM:900}
  CREATE_STREAM @465000 {NAME:run_seq T:Transactions SCOPE:uvm_test_top.env.agent.sequencer STREAM:994}
  CREATE_STREAM @0 {NAME:seq T:Transactions SCOPE:uvm_test_top.env.agent.sequencer STREAM:887}
  CREATE_STREAM @0 {NAME:load_seq T:Transactions SCOPE:uvm_test_top.env.agent.sequencer STREAM:900}
  CREATE_STREAM @465000 {NAME:run_seq T:Transactions SCOPE:uvm_test_top.env.agent.sequencer STREAM:994}
  CREATE_STREAM @0 {NAME:seq T:Transactions SCOPE:uvm_test_top.env.agent.sequencer STREAM:887}
  CREATE_STREAM @0 {NAME:load_seq T:Transactions SCOPE:uvm_test_top.env.agent.sequencer STREAM:900}
  CREATE_STREAM @465000 {NAME:run_seq T:Transactions SCOPE:uvm_test_top.env.agent.sequencer STREAM:990}
  CREATE_STREAM @0 {NAME:seq T:Transactions SCOPE:uvm_test_top.env.agent.sequencer STREAM:887}
  CREATE_STREAM @0 {NAME:full_load_seq T:Transactions SCOPE:uvm_test_top.env.agent.sequencer STREAM:948}
  CREATE_STREAM @465000 {NAME:run_seq T:Transactions SCOPE:uvm_test_top.env.agent.sequencer STREAM:1036}
  CREATE_STREAM @20465000 {NAME:alu_seq T:Transactions SCOPE:uvm_test_top.env.agent.sequencer STREAM:1568}
  CREATE_STREAM @20465000 {NAME:load_seq T:Transactions SCOPE:uvm_test_top.env.agent.sequencer STREAM:1578}
  CREATE_STREAM @40825000 {NAME:mem_seq T:Transactions SCOPE:uvm_test_top.env.agent.sequencer STREAM:2030}
  CREATE_STREAM @61185000 {NAME:brnch_seq T:Transactions SCOPE:uvm_test_top.env.agent.sequencer STREAM:2722}
  CREATE_STREAM @81545000 {NAME:haz_seq T:Transactions SCOPE:uvm_test_top.env.agent.sequencer STREAM:3526}
  CREATE_STREAM @101905000 {NAME:csr_seq T:Transactions SCOPE:uvm_test_top.env.agent.sequencer STREAM:3948}
  CREATE_STREAM @122265000 {NAME:extra_seq T:Transactions SCOPE:uvm_test_top.env.agent.sequencer STREAM:15942}
  CREATE_STREAM @142625000 {NAME:muldiv_seq T:Transactions SCOPE:uvm_test_top.env.agent.sequencer STREAM:23678}
