QuestaSim-64 vlog 2021.2_1 Compiler 2021.05 May 15 2021
Start time: 08:04:16 on May 31,2026
vlog -sv -timescale 1ns/1ps "+define+functional" "+incdir+rtl/core" "+incdir+rtl/control" "+incdir+rtl/datapath" "+incdir+rtl/csr" "+incdir+rtl/hazard" "+incdir+rtl/cache" "+incdir+rtl/memory" "+incdir+rtl/mult_div" "+incdir+/home/ngobinh/Questasim/questasim/verilog_src/uvm-1.2/src" "+incdir+tb/uvm" /home/ngobinh/Questasim/questasim/verilog_src/uvm-1.2/src/uvm_pkg.sv tb/uvm/riscv_if.sv tb/uvm/riscv_tb_pkg.sv tb/uvm/tb_top.sv 
-- Compiling package uvm_pkg (uvm-1.2 Built-in)
-- Compiling package riscv_if_sv_unit
-- Importing package uvm_pkg (uvm-1.2 Built-in)
-- Compiling interface riscv_if
-- Compiling package riscv_tb_pkg
** Warning: tb/uvm/riscv_monitor.sv(92): (vlog-2240) Treating stand-alone use of function 'pop_front' as an implicit VOID cast.
** Warning: tb/uvm/riscv_monitor.sv(93): (vlog-2240) Treating stand-alone use of function 'pop_front' as an implicit VOID cast.
-- Compiling package riscv_tb_pkg
** Warning: ** while parsing file included at tb/uvm/tb_top.sv(15)
** at tb/uvm/riscv_tb_pkg.sv(8): (vlog-2275) Existing package 'riscv_tb_pkg' at line 8 will be overwritten.
** Warning: ** while parsing file included at tb/uvm/tb_top.sv(15)
** at tb/uvm/riscv_monitor.sv(92): (vlog-2240) Treating stand-alone use of function 'pop_front' as an implicit VOID cast.
** Warning: ** while parsing file included at tb/uvm/tb_top.sv(15)
** at tb/uvm/riscv_monitor.sv(93): (vlog-2240) Treating stand-alone use of function 'pop_front' as an implicit VOID cast.
-- Compiling module tb_top
-- Importing package riscv_tb_pkg

Top level modules:
	tb_top
End time: 08:04:17 on May 31,2026, Elapsed time: 0:00:01
Errors: 0, Warnings: 5
