QuestaSim-64 vlog 2021.2_1 Compiler 2021.05 May 15 2021
Start time: 18:19:14 on May 29,2026
vlog -timescale 1ns/1ps "+define+functional" "+incdir+rtl/core" "+incdir+rtl/control" "+incdir+rtl/datapath" "+incdir+rtl/csr" "+incdir+rtl/hazard" "+incdir+rtl/cache" "+incdir+rtl/memory" "+incdir+rtl/mult_div" rtl/memory/EF_SRAM_1024x32.tt_180V_25C.v rtl/memory/EF_SRAM_1024x32.v rtl/memory/axi_sram_wrapper.v rtl/memory/axi_interconnect.v rtl/cache/l1_icache.v rtl/cache/l1_dcache.v rtl/hazard/hazard_unit.v rtl/csr/csr_alu.v rtl/csr/csr_file.v rtl/mult_div/muldiv_alu.v rtl/datapath/adder.v rtl/datapath/mux.v rtl/datapath/extend.v rtl/datapath/pc.v rtl/datapath/register_file.v rtl/datapath/alu.v rtl/control/alu_decoder.v rtl/control/main_decoder.v rtl/control/control_unit.v rtl/core/pipeline.v rtl/core/fetch_cycle.v rtl/core/decode_cycle.v rtl/core/issue.v rtl/core/execute_cycle.v rtl/core/memory_cycle.v rtl/core/writeback_cycle.v rtl/core/top_module.v 
-- Compiling module EF_SRAM_1024x32_macro
-- Compiling module EF_SRAM_1024x32_memory_mode
-- Compiling module EF_SRAM_1024x32
-- Compiling module axi_sram_wrapper
-- Compiling module axi_interconnect
-- Compiling module l1_icache
-- Compiling module l1_dcache
** Warning: rtl/cache/l1_dcache.v(80): (vlog-2256) Event expressions should result in a singular type.
** Warning: rtl/cache/l1_dcache.v(80): (vlog-2256) Event expressions should result in a singular type.
** Warning: rtl/cache/l1_dcache.v(80): (vlog-2256) Event expressions should result in a singular type.
-- Compiling module hazard_unit
-- Compiling module csr_alu
-- Compiling module csr_file
-- Compiling module muldiv_alu
-- Compiling module adder
-- Compiling module mux
-- Compiling module mux_3_1
-- Compiling module mux_4to1
-- Compiling module extend
-- Compiling module pc
-- Compiling module register_file
-- Compiling module alu
-- Compiling module alu_decoder
-- Compiling module main_decoder
-- Compiling module control_unit
-- Compiling module pipeline_1_2
-- Compiling module pipeline_2_3
-- Compiling module pipeline_3_4
-- Compiling module pipeline_4_5
-- Compiling module fetch_cycle
-- Compiling module decode_cycle
-- Compiling module issue
-- Compiling module execute_cycle
-- Compiling module memory_cycle
-- Compiling module writeback_cycle
-- Compiling module riscv_pipeline_top

Top level modules:
	riscv_pipeline_top
End time: 18:19:14 on May 29,2026, Elapsed time: 0:00:00
Errors: 0, Warnings: 3
