BEGIN 3:riscv_if:fast__1:work
    rst :  1:riscv_tb_pkg:fast:work
END 
BEGIN 1:register_file:fast:work
    register_array :  1:tb_top:fast:work
END 
BEGIN 1:EF_SRAM_1024x32_memory_mode:fast:work
    DIreg :  1:EF_SRAM_1024x32_macro:fast:work
    memory :  1:EF_SRAM_1024x32_macro:fast:work 1:EF_SRAM_1024x32_memory_mode:fast:work 3:riscv_if:fast__2:work
    ENreg :  1:EF_SRAM_1024x32_macro:fast:work
    ADreg_scan :  1:EF_SRAM_1024x32_macro:fast:work
    R_WBreg_scan :  1:EF_SRAM_1024x32_macro:fast:work
    R_WBreg :  1:EF_SRAM_1024x32_macro:fast:work
    BENreg :  1:EF_SRAM_1024x32_macro:fast:work
    ENreg_scan :  1:EF_SRAM_1024x32_macro:fast:work
    ADreg :  1:EF_SRAM_1024x32_macro:fast:work
END 
BEGIN 1:riscv_pipeline_top:fast:work
    is_mret_d :  1:tb_top:fast:work
    d_bvalid :  1:tb_top:fast:work
    write_data_m :  1:tb_top:fast:work
    dcache_stall :  1:tb_top:fast:work
    d_arready :  1:tb_top:fast:work
    i_rready :  1:tb_top:fast:work
    flush_d :  1:tb_top:fast:work
    epc :  1:tb_top:fast:work
    rd_d :  1:tb_top:fast:work
    d_araddr :  1:tb_top:fast:work
    reg_write_w :  1:tb_top:fast:work
    d_rresp :  1:tb_top:fast:work
    pc_d :  1:tb_top:fast:work
    read_data_m :  1:tb_top:fast:work
    pc_target_e :  1:tb_top:fast:work
    pc_plus_4_f :  1:tb_top:fast:work
    d_rready :  1:tb_top:fast:work
    d_wdata :  1:tb_top:fast:work
    jump_d :  1:tb_top:fast:work
    d_bresp :  1:tb_top:fast:work
    alu_result_m :  1:tb_top:fast:work
    i_arvalid :  1:tb_top:fast:work
    mem_write_d :  1:tb_top:fast:work
    d_wvalid :  1:tb_top:fast:work
    pc_src_e :  1:tb_top:fast:work
    trap_vec :  1:tb_top:fast:work
    rs2_d :  1:tb_top:fast:work
    rd_w :  1:tb_top:fast:work
    is_ecall_d :  1:tb_top:fast:work
    d_rdata :  1:tb_top:fast:work
    d_awvalid :  1:tb_top:fast:work
    instr_d :  1:tb_top:fast:work
    icache_stall :  1:tb_top:fast:work
    result_src_m :  1:tb_top:fast:work
    i_rvalid :  1:tb_top:fast:work
    stall_f :  1:tb_top:fast:work
    pc_f :  1:tb_top:fast:work
    mem_write_m :  1:tb_top:fast:work
    d_awready :  1:tb_top:fast:work
    i_rdata :  1:tb_top:fast:work
    branch_d :  1:tb_top:fast:work
    pc_e :  1:tb_top:fast:work
    i_araddr :  1:tb_top:fast:work
    reg_write_d :  1:tb_top:fast:work
    d_arvalid :  1:tb_top:fast:work
    d_wstrb :  1:tb_top:fast:work
    alu_result_e :  1:tb_top:fast:work
    d_rvalid :  1:tb_top:fast:work
    d_bready :  1:tb_top:fast:work
    rs1_d :  1:tb_top:fast:work
    i_arready :  1:tb_top:fast:work
    result_w :  1:tb_top:fast:work
    d_wready :  1:tb_top:fast:work
    d_awaddr :  1:tb_top:fast:work
    instr_f :  1:tb_top:fast:work
    funct3_m :  1:tb_top:fast:work
    i_rresp :  1:tb_top:fast:work
END 
BEGIN 3:riscv_if:fast__2:work
    rst :  1:tb_top:fast:work
    i_axi_rdata :  1:tb_top:fast:work
    d_axi_rresp :  1:tb_top:fast:work
    d_axi_bresp :  1:tb_top:fast:work
    alu_result_m :  1:tb_top:fast:work
    i_axi_arvalid :  1:tb_top:fast:work
    read_data_m :  1:tb_top:fast:work
    d_axi_wvalid :  1:tb_top:fast:work
    pc_src_e :  1:tb_top:fast:work
    trap_vec :  1:tb_top:fast:work
    mem_write_m :  1:tb_top:fast:work
    d_axi_wdata :  1:tb_top:fast:work
    rd_w :  1:tb_top:fast:work
    is_ecall_d :  1:tb_top:fast:work
    d_axi_rdata :  1:tb_top:fast:work
    d_axi_awvalid :  1:tb_top:fast:work
    instr_d :  1:tb_top:fast:work
    icache_stall :  1:tb_top:fast:work
    result_src_m :  1:tb_top:fast:work
    i_axi_rvalid :  1:tb_top:fast:work
    stall_f :  1:tb_top:fast:work
    pc_f :  1:tb_top:fast:work
    rs2_d :  1:tb_top:fast:work
    d_axi_awready :  1:tb_top:fast:work
    branch_d :  1:tb_top:fast:work
    pc_e :  1:tb_top:fast:work
    i_axi_araddr :  1:tb_top:fast:work
    reg_write_d :  1:tb_top:fast:work
    d_axi_arvalid :  1:tb_top:fast:work
    d_axi_wstrb :  1:tb_top:fast:work
    alu_result_e :  1:tb_top:fast:work
    d_axi_rvalid :  1:tb_top:fast:work
    d_axi_bready :  1:tb_top:fast:work
    write_data_m :  1:tb_top:fast:work
    i_axi_arready :  1:tb_top:fast:work
    result_w :  1:tb_top:fast:work
    d_axi_wready :  1:tb_top:fast:work
    d_axi_awaddr :  1:tb_top:fast:work
    instr_f :  1:tb_top:fast:work
    funct3_m :  1:tb_top:fast:work
    i_axi_rresp :  1:tb_top:fast:work
    is_mret_d :  1:tb_top:fast:work
    d_axi_bvalid :  1:tb_top:fast:work
    rs1_d :  1:tb_top:fast:work
    dcache_stall :  1:tb_top:fast:work
    d_axi_arready :  1:tb_top:fast:work
    i_axi_rready :  1:tb_top:fast:work
    flush_d :  1:tb_top:fast:work
    epc :  1:tb_top:fast:work
    rd_d :  1:tb_top:fast:work
    d_axi_araddr :  1:tb_top:fast:work
    reg_write_w :  1:tb_top:fast:work
    jump_d :  1:tb_top:fast:work
    pc_d :  1:tb_top:fast:work
    mem_write_d :  1:tb_top:fast:work
    pc_target_e :  1:tb_top:fast:work
    pc_plus_4_f :  1:tb_top:fast:work
    d_axi_rready :  1:tb_top:fast:work
END 
