BEGIN 1:register_file:fast:work
    register_array :  1:tb_riscv_pipeline_mega:fast:work
END 
BEGIN 1:riscv_pipeline_top:fast:work
    icache_stall :  1:tb_riscv_pipeline_mega:fast:work
    alu_result_e :  1:tb_riscv_pipeline_mega:fast:work
    rs2_d :  1:tb_riscv_pipeline_mega:fast:work
    mem_write_m :  1:tb_riscv_pipeline_mega:fast:work
    result_w :  1:tb_riscv_pipeline_mega:fast:work
    rd_d :  1:tb_riscv_pipeline_mega:fast:work
    rd_w :  1:tb_riscv_pipeline_mega:fast:work
    flush_d :  1:tb_riscv_pipeline_mega:fast:work
    pc_e :  1:tb_riscv_pipeline_mega:fast:work
    dcache_stall :  1:tb_riscv_pipeline_mega:fast:work
    rs1_d :  1:tb_riscv_pipeline_mega:fast:work
    rd_m :  1:tb_riscv_pipeline_mega:fast:work
    instr_f :  1:tb_riscv_pipeline_mega:fast:work
    flush_e :  1:tb_riscv_pipeline_mega:fast:work
    stall_d :  1:tb_riscv_pipeline_mega:fast:work
    write_data_m :  1:tb_riscv_pipeline_mega:fast:work
    instr_d :  1:tb_riscv_pipeline_mega:fast:work
    read_data_m :  1:tb_riscv_pipeline_mega:fast:work
    mem_read_m :  1:tb_riscv_pipeline_mega:fast:work
    rd_e :  1:tb_riscv_pipeline_mega:fast:work
    pc_f :  1:tb_riscv_pipeline_mega:fast:work
    alu_result_m :  1:tb_riscv_pipeline_mega:fast:work
    stall_f :  1:tb_riscv_pipeline_mega:fast:work
    pc_d :  1:tb_riscv_pipeline_mega:fast:work
    reg_write_w :  1:tb_riscv_pipeline_mega:fast:work
END 
BEGIN 1:EF_SRAM_1024x32_memory_mode:fast:work
    BENreg :  1:EF_SRAM_1024x32_macro:fast:work
    ENreg_scan :  1:EF_SRAM_1024x32_macro:fast:work
    ADreg :  1:EF_SRAM_1024x32_macro:fast:work
    DIreg :  1:EF_SRAM_1024x32_macro:fast:work
    memory :  1:EF_SRAM_1024x32_macro:fast:work 1:EF_SRAM_1024x32_memory_mode:fast:work 1:tb_riscv_pipeline_mega:fast:work
    ENreg :  1:EF_SRAM_1024x32_macro:fast:work
    ADreg_scan :  1:EF_SRAM_1024x32_macro:fast:work
    R_WBreg_scan :  1:EF_SRAM_1024x32_macro:fast:work
    R_WBreg :  1:EF_SRAM_1024x32_macro:fast:work
END 
